0 info it worked if it ends with ok
1 verbose cli [ '/usr/bin/nodejs', '/usr/bin/npm', 'run', 'build-dev' ]
2 info using npm@1.4.21
3 info using node@v0.10.25
4 verbose run-script [ 'prebuild-dev', 'build-dev', 'postbuild-dev' ]
5 info prebuild-dev icookie-client@0.0.1
6 info build-dev icookie-client@0.0.1
7 verbose unsafe-perm in lifecycle true
8 info icookie-client@0.0.1 Failed to exec build-dev script
9 error icookie-client@0.0.1 build-dev: `node build/build-dev.js`
9 error Exit status 8
10 error Failed at the icookie-client@0.0.1 build-dev script.
10 error This is most likely a problem with the icookie-client package,
10 error not with npm itself.
10 error Tell the author that this fails on your system:
10 error     node build/build-dev.js
10 error You can get their info via:
10 error     npm owner ls icookie-client
10 error There is likely additional logging output above.
11 error System Linux 4.2.0-42-generic
12 error command "/usr/bin/nodejs" "/usr/bin/npm" "run" "build-dev"
13 error cwd /home/steven/Iqnomy/development-web-linux-neon/humanswitch-icookie-client
14 error node -v v0.10.25
15 error npm -v 1.4.21
16 error code ELIFECYCLE
17 verbose exit [ 1, true ]
